<?xml version="1.0" encoding="UTF-8"?>
<!-- Generated by org.testng.reporters.JUnitReportReporter -->
<testsuite hostname="DESKTOP-RTRQ6AN" failures="0" tests="1" name="testCases.TC_001_AccountRegistrationTest" time="2.818" errors="0" timestamp="2023-12-28T21:37:37 IST" skipped="0">
  <testcase classname="testCases.TC_001_AccountRegistrationTest" name="test_account_Registration" time="2.818"/>
</testsuite> <!-- testCases.TC_001_AccountRegistrationTest -->
